二维数组使用案例-打印99乘法表
9 * 7 = 63
5 * 1 = 5
9 * 8 = 72
5 * 2 = 10
9 * 9 = 81
5 * 3 = 15
5 * 4 = 20
5 * 5 = 25
5 * 6 = 30
5 * 7 = 35
1 * 1 = 1
5 * 8 = 40
1 * 2 = 2
5 * 9 = 45
1 * 3 = 3
1 * 4 = 4
1 * 5 = 5
6 * 1 = 6
1 * 6 = 6
6 * 2 = 12
1 * 7 = 7
6 * 3 = 18
1 * 8 = 8
6 * 4 = 24
1 * 9 = 9
6 * 5 = 30
6 * 6 = 36
6 * 7 = 42
2 * 1 = 2
6 * 8 = 48
2 * 2 = 4
6 * 9 = 54
2 * 3 = 6
2 * 4 = 8
2 * 5 = 10
7 * 1 = 7
2 * 6 = 12
7 * 2 = 14
2 * 7 = 14
7 * 3 = 21
2 * 8 = 16
7 * 4 = 28
2 * 9 = 18
7 * 5 = 35
7 * 6 = 42
7 * 7 = 49
3 * 1 = 3
7 * 8 = 56
3 * 2 = 6
7 * 9 = 63
3 * 3 = 9
3 * 4 = 12
3 * 5 = 15
8 * 1 = 8
3 * 6 = 18
8 * 2 = 16
3 * 7 = 21
8 * 3 = 24
3 * 8 = 24
8 * 4 = 32
3 * 9 = 27
8 * 5 = 40
8 * 6 = 48
8 * 7 = 56
4 * 1 = 4
8 * 8 = 64
4 * 2 = 8
8 * 9 = 72
4 * 3 = 12
4 * 4 = 16
4 * 5 = 20
9 * 1 = 9
4 * 6 = 24
9 * 2 = 18
4 * 7 = 28
9 * 3 = 27
4 * 8 = 32
9 * 4 = 36
4 * 9 = 36
9 * 5 = 45
9 * 6 = 54
